<?xml version="1.0" encoding="UTF-8" ?>
<testsuite tests="1" failures="0" name="com.ventas.ventas.AtenderClienteTest" time="0.057" errors="0" skipped="0">
  <properties>
    <property name="java.vendor" value="Oracle Corporation"/>
    <property name="env.SYSTEMROOT" value="C:\WINDOWS"/>
    <property name="localRepository" value="C:\Users\leone\.m2\repository"/>
    <property name="env.USERDOMAIN_ROAMINGPROFILE" value="DESKTOP-GV93GJR"/>
    <property name="sun.java.launcher" value="SUN_STANDARD"/>
    <property name="sun.management.compiler" value="HotSpot 64-Bit Tiered Compilers"/>
    <property name="env.ONEDRIVE" value="C:\Users\leone\OneDrive"/>
    <property name="env.PROMPT" value="$P$G"/>
    <property name="env.WDIR" value="C:\Users\leone\Documents\Development\Proyecto-Gio-Magic\Proyecto Relacional\Codigo\ventas"/>
    <property name="os.name" value="Windows 10"/>
    <property name="env.COMPUTERNAME" value="DESKTOP-GV93GJR"/>
    <property name="user.country.format" value="US"/>
    <property name="env.ALLUSERSPROFILE" value="C:\ProgramData"/>
    <property name="sun.desktop" value="windows"/>
    <property name="env.LANG" value="en_US.UTF-8"/>
    <property name="java.vm.specification.vendor" value="Oracle Corporation"/>
    <property name="java.runtime.version" value="11.0.11+9-LTS-194"/>
    <property name="env.HOMEPATH" value="\Users\leone"/>
    <property name="user.name" value="leone"/>
    <property name="maven.build.version" value="Apache Maven 3.8.1 (05c21c65bdfed0f71a2f2ada8b84da59348c4c5d)"/>
    <property name="user.language.format" value="en"/>
    <property name="env.DRIVERDATA" value="C:\Windows\System32\Drivers\DriverData"/>
    <property name="env.ONEDRIVECONSUMER" value="C:\Users\leone\OneDrive"/>
    <property name="env.ORIGINAL_XDG_CURRENT_DESKTOP" value="undefined"/>
    <property name="env.PATH" value="C:\Program Files\AdoptOpenJDK\jdk-11.0.10.9-hotspot\bin;C:\Program Files\Python39\Scripts\;C:\Program Files\Python39\;C:\Program Files (x86)\Razer Chroma SDK\bin;C:\Program Files\Razer Chroma SDK\bin;C:\Program Files (x86)\Razer\ChromaBroadcast\bin;C:\Program Files\Razer\ChromaBroadcast\bin;C:\app\leone\product\18.0.0\dbhomeXE\bin;C:\Program Files (x86)\Common Files\Oracle\Java\javapath;C:\Windows\system32;C:\Windows;C:\Windows\System32\Wbem;C:\Windows\System32\WindowsPowerShell\v1.0\;C:\Windows\System32\OpenSSH\;C:\Program Files\Git\cmd;C:\Program Files\nodejs\;C:\Program Files\Microsoft SQL Server\130\Tools\Binn\;C:\Program Files\Microsoft SQL Server\Client SDK\ODBC\170\Tools\Binn\;C:\Windows\system32\config\systemprofile\AppData\Local\Microsoft\WindowsApps;C:\WINDOWS\system32;C:\WINDOWS;C:\WINDOWS\System32\Wbem;C:\WINDOWS\System32\WindowsPowerShell\v1.0\;C:\WINDOWS\System32\OpenSSH\;C:\Program Files\Java\jdk-11.0.11\bin;C:\Program Files\apache-maven-3.8.1\bin;C:\Program Files\Apache Software Foundation\Tomcat 9.0\bin;C:\Program Files\dotnet\;C:\MinGW\bin;C:\Program Files\Docker\Docker\resources\bin;C:\ProgramData\DockerDesktop\version-bin;C:\Program Files\OpenSSL-Win64\bin;C:\Users\leone\AppData\Local\Microsoft\WindowsApps;C:\Users\leone\AppData\Local\Programs\Microsoft VS Code\bin;C:\Users\leone\AppData\Roaming\npm;C:\Program Files\apache-maven-3.8.1\bin;C:\Program Files\Java\jdk-11.0.11\bin;C:\Program Files\Apache Software Foundation\Tomcat 9.0\bin;C:\Users\leone\.dotnet\tools;C:\MinGW\bin;C:\src\flutter\bin;C:\Program Files\OpenSSL-Win64\bin;"/>
    <property name="user.language" value="es"/>
    <property name="env.JVMCONFIG" value="\.mvn\jvm.config"/>
    <property name="env.WINDIR" value="C:\WINDOWS"/>
    <property name="sun.boot.library.path" value="C:\Program Files\Java\jdk-11.0.11\bin"/>
    <property name="classworlds.conf" value="C:\Program Files\apache-maven-3.8.1\bin\..\bin\m2.conf"/>
    <property name="com.zaxxer.hikari.pool_number" value="1"/>
    <property name="env.VSCODE_GIT_ASKPASS_MAIN" value="c:\Users\leone\AppData\Local\Programs\Microsoft VS Code\resources\app\extensions\git\dist\askpass-main.js"/>
    <property name="CONSOLE_LOG_CHARSET" value="windows-1252"/>
    <property name="PID" value="6932"/>
    <property name="java.vm.compressedOopsMode" value="Zero based"/>
    <property name="java.version" value="11.0.11"/>
    <property name="env.PROCESSOR_IDENTIFIER" value="Intel64 Family 6 Model 142 Stepping 12, GenuineIntel"/>
    <property name="user.timezone" value="America/Regina"/>
    <property name="env.TEMP" value="C:\Users\leone\AppData\Local\Temp"/>
    <property name="sun.arch.data.model" value="64"/>
    <property name="env.EXEC_DIR" value="C:\Users\leone\Documents\Development\Proyecto-Gio-Magic\Proyecto Relacional\Codigo\ventas"/>
    <property name="sun.cpu.isalist" value="amd64"/>
    <property name="env.HOMEDRIVE" value="C:"/>
    <property name="sun.jnu.encoding" value="Cp1252"/>
    <property name="env.SYSTEMDRIVE" value="C:"/>
    <property name="maven.conf" value="C:\Program Files\apache-maven-3.8.1\bin\../conf"/>
    <property name="file.separator" value="\"/>
    <property name="java.specification.name" value="Java Platform API Specification"/>
    <property name="env.JAVACMD" value="C:\Program Files\Java\jdk-11.0.11\bin\java.exe"/>
    <property name="java.class.version" value="55.0"/>
    <property name="user.country" value="MX"/>
    <property name="java.home" value="C:\Program Files\Java\jdk-11.0.11"/>
    <property name="env.APPDATA" value="C:\Users\leone\AppData\Roaming"/>
    <property name="java.vm.info" value="mixed mode"/>
    <property name="env.PUBLIC" value="C:\Users\Public"/>
    <property name="env.CATALINA_HOME" value="C:\Program Files\Apache Software Foundation\Tomcat 9.0"/>
    <property name="env.OS" value="Windows_NT"/>
    <property name="os.version" value="10.0"/>
    <property name="env.TERM_PROGRAM_VERSION" value="1.61.2"/>
    <property name="path.separator" value=";"/>
    <property name="java.vm.version" value="11.0.11+9-LTS-194"/>
    <property name="env.ZES_ENABLE_SYSMAN" value="1"/>
    <property name="user.variant" value=""/>
    <property name="env.USERPROFILE" value="C:\Users\leone"/>
    <property name="env.VSCODE_GIT_IPC_HANDLE" value="\\.\pipe\vscode-git-895f50f9f7-sock"/>
    <property name="env.JAVA_HOME" value="C:\Program Files\Java\jdk-11.0.11"/>
    <property name="java.awt.printerjob" value="sun.awt.windows.WPrinterJob"/>
    <property name="env.TMP" value="C:\Users\leone\AppData\Local\Temp"/>
    <property name="env.PROGRAMFILES" value="C:\Program Files"/>
    <property name="sun.io.unicode.encoding" value="UnicodeLittle"/>
    <property name="awt.toolkit" value="sun.awt.windows.WToolkit"/>
    <property name="env.CHROME_CRASHPAD_PIPE_NAME" value="\\.\pipe\crashpad_12584_ZFIMCIQTJTORPOJD"/>
    <property name="sun.stdout.encoding" value="cp850"/>
    <property name="user.script" value=""/>
    <property name="user.home" value="C:\Users\leone"/>
    <property name="env.COMMONPROGRAMFILES" value="C:\Program Files\Common Files"/>
    <property name="env.SESSIONNAME" value="Console"/>
    <property name="java.version.date" value="2021-04-20"/>
    <property name="java.specification.vendor" value="Oracle Corporation"/>
    <property name="env.M2_HOME" value="C:\Program Files\apache-maven-3.8.1"/>
    <property name="env.TERM_PROGRAM" value="vscode"/>
    <property name="library.jansi.path" value="C:\Program Files\apache-maven-3.8.1\bin\..\lib\jansi-native"/>
    <property name="java.library.path" value="C:\Program Files\Java\jdk-11.0.11\bin;C:\WINDOWS\Sun\Java\bin;C:\WINDOWS\system32;C:\WINDOWS;C:\Program Files\AdoptOpenJDK\jdk-11.0.10.9-hotspot\bin;C:\Program Files\Python39\Scripts\;C:\Program Files\Python39\;C:\Program Files (x86)\Razer Chroma SDK\bin;C:\Program Files\Razer Chroma SDK\bin;C:\Program Files (x86)\Razer\ChromaBroadcast\bin;C:\Program Files\Razer\ChromaBroadcast\bin;C:\app\leone\product\18.0.0\dbhomeXE\bin;C:\Program Files (x86)\Common Files\Oracle\Java\javapath;C:\Windows\system32;C:\Windows;C:\Windows\System32\Wbem;C:\Windows\System32\WindowsPowerShell\v1.0\;C:\Windows\System32\OpenSSH\;C:\Program Files\Git\cmd;C:\Program Files\nodejs\;C:\Program Files\Microsoft SQL Server\130\Tools\Binn\;C:\Program Files\Microsoft SQL Server\Client SDK\ODBC\170\Tools\Binn\;C:\Windows\system32\config\systemprofile\AppData\Local\Microsoft\WindowsApps;C:\WINDOWS\system32;C:\WINDOWS;C:\WINDOWS\System32\Wbem;C:\WINDOWS\System32\WindowsPowerShell\v1.0\;C:\WINDOWS\System32\OpenSSH\;C:\Program Files\Java\jdk-11.0.11\bin;C:\Program Files\apache-maven-3.8.1\bin;C:\Program Files\Apache Software Foundation\Tomcat 9.0\bin;C:\Program Files\dotnet\;C:\MinGW\bin;C:\Program Files\Docker\Docker\resources\bin;C:\ProgramData\DockerDesktop\version-bin;C:\Program Files\OpenSSL-Win64\bin;C:\Users\leone\AppData\Local\Microsoft\WindowsApps;C:\Users\leone\AppData\Local\Programs\Microsoft VS Code\bin;C:\Users\leone\AppData\Roaming\npm;C:\Program Files\apache-maven-3.8.1\bin;C:\Program Files\Java\jdk-11.0.11\bin;C:\Program Files\Apache Software Foundation\Tomcat 9.0\bin;C:\Users\leone\.dotnet\tools;C:\MinGW\bin;C:\src\flutter\bin;C:\Program Files\OpenSSL-Win64\bin;;."/>
    <property name="env.NUMBER_OF_PROCESSORS" value="8"/>
    <property name="java.vendor.url" value="https://openjdk.java.net/"/>
    <property name="spring.beaninfo.ignore" value="true"/>
    <property name="env.COMMONPROGRAMFILES(X86)" value="C:\Program Files (x86)\Common Files"/>
    <property name="env.CLASSWORLDS_LAUNCHER" value="org.codehaus.plexus.classworlds.launcher.Launcher"/>
    <property name="env.PSMODULEPATH" value="C:\Users\leone\Documents\WindowsPowerShell\Modules;C:\Program Files\WindowsPowerShell\Modules;C:\WINDOWS\system32\WindowsPowerShell\v1.0\Modules"/>
    <property name="env.MAVEN_CMD_LINE_ARGS" value="clean package"/>
    <property name="java.vm.vendor" value="Oracle Corporation"/>
    <property name="java.runtime.name" value="Java(TM) SE Runtime Environment"/>
    <property name="maven.home" value="C:\Program Files\apache-maven-3.8.1\bin\.."/>
    <property name="java.class.path" value="C:\Program Files\apache-maven-3.8.1\bin\..\boot\plexus-classworlds-2.6.0.jar"/>
    <property name="sun.java.command" value="org.codehaus.plexus.classworlds.launcher.Launcher clean package"/>
    <property name="env.PROGRAMW6432" value="C:\Program Files"/>
    <property name="maven.version" value="3.8.1"/>
    <property name="jdk.debug" value="release"/>
    <property name="env.GIT_ASKPASS" value="c:\Users\leone\AppData\Local\Programs\Microsoft VS Code\resources\app\extensions\git\dist\askpass.sh"/>
    <property name="env.PROGRAMFILES(X86)" value="C:\Program Files (x86)"/>
    <property name="env.VSCODE_GIT_ASKPASS_NODE" value="C:\Users\leone\AppData\Local\Programs\Microsoft VS Code\Code.exe"/>
    <property name="java.vm.specification.name" value="Java Virtual Machine Specification"/>
    <property name="env.LOGONSERVER" value="\\DESKTOP-GV93GJR"/>
    <property name="java.vm.specification.version" value="11"/>
    <property name="env.PROCESSOR_ARCHITECTURE" value="AMD64"/>
    <property name="env.COMMONPROGRAMW6432" value="C:\Program Files\Common Files"/>
    <property name="sun.cpu.endian" value="little"/>
    <property name="sun.os.patch.level" value=""/>
    <property name="java.awt.headless" value="true"/>
    <property name="surefire.test.class.path" value="C:\Users\leone\Documents\Development\Proyecto-Gio-Magic\Proyecto Relacional\Codigo\ventas\target\test-classes;C:\Users\leone\Documents\Development\Proyecto-Gio-Magic\Proyecto Relacional\Codigo\ventas\target\classes;C:\Users\leone\.m2\repository\org\springframework\boot\spring-boot-starter-tomcat\2.4.2\spring-boot-starter-tomcat-2.4.2.jar;C:\Users\leone\.m2\repository\jakarta\annotation\jakarta.annotation-api\1.3.5\jakarta.annotation-api-1.3.5.jar;C:\Users\leone\.m2\repository\org\apache\tomcat\embed\tomcat-embed-core\9.0.41\tomcat-embed-core-9.0.41.jar;C:\Users\leone\.m2\repository\org\glassfish\jakarta.el\3.0.3\jakarta.el-3.0.3.jar;C:\Users\leone\.m2\repository\org\apache\tomcat\embed\tomcat-embed-websocket\9.0.41\tomcat-embed-websocket-9.0.41.jar;C:\Users\leone\.m2\repository\io\micrometer\micrometer-registry-prometheus\1.6.3\micrometer-registry-prometheus-1.6.3.jar;C:\Users\leone\.m2\repository\io\micrometer\micrometer-core\1.6.3\micrometer-core-1.6.3.jar;C:\Users\leone\.m2\repository\org\hdrhistogram\HdrHistogram\2.1.12\HdrHistogram-2.1.12.jar;C:\Users\leone\.m2\repository\org\latencyutils\LatencyUtils\2.0.3\LatencyUtils-2.0.3.jar;C:\Users\leone\.m2\repository\io\prometheus\simpleclient_common\0.9.0\simpleclient_common-0.9.0.jar;C:\Users\leone\.m2\repository\io\prometheus\simpleclient\0.9.0\simpleclient-0.9.0.jar;C:\Users\leone\.m2\repository\org\springframework\boot\spring-boot-starter-actuator\2.4.2\spring-boot-starter-actuator-2.4.2.jar;C:\Users\leone\.m2\repository\org\springframework\boot\spring-boot-starter\2.4.2\spring-boot-starter-2.4.2.jar;C:\Users\leone\.m2\repository\org\springframework\boot\spring-boot-starter-logging\2.4.2\spring-boot-starter-logging-2.4.2.jar;C:\Users\leone\.m2\repository\ch\qos\logback\logback-classic\1.2.3\logback-classic-1.2.3.jar;C:\Users\leone\.m2\repository\ch\qos\logback\logback-core\1.2.3\logback-core-1.2.3.jar;C:\Users\leone\.m2\repository\org\apache\logging\log4j\log4j-to-slf4j\2.13.3\log4j-to-slf4j-2.13.3.jar;C:\Users\leone\.m2\repository\org\apache\logging\log4j\log4j-api\2.13.3\log4j-api-2.13.3.jar;C:\Users\leone\.m2\repository\org\slf4j\jul-to-slf4j\1.7.30\jul-to-slf4j-1.7.30.jar;C:\Users\leone\.m2\repository\org\yaml\snakeyaml\1.27\snakeyaml-1.27.jar;C:\Users\leone\.m2\repository\org\springframework\boot\spring-boot-actuator-autoconfigure\2.4.2\spring-boot-actuator-autoconfigure-2.4.2.jar;C:\Users\leone\.m2\repository\org\springframework\boot\spring-boot-actuator\2.4.2\spring-boot-actuator-2.4.2.jar;C:\Users\leone\.m2\repository\com\fasterxml\jackson\core\jackson-databind\2.11.4\jackson-databind-2.11.4.jar;C:\Users\leone\.m2\repository\com\fasterxml\jackson\core\jackson-core\2.11.4\jackson-core-2.11.4.jar;C:\Users\leone\.m2\repository\com\fasterxml\jackson\datatype\jackson-datatype-jsr310\2.11.4\jackson-datatype-jsr310-2.11.4.jar;C:\Users\leone\.m2\repository\org\springframework\boot\spring-boot-starter-data-jpa\2.4.2\spring-boot-starter-data-jpa-2.4.2.jar;C:\Users\leone\.m2\repository\org\springframework\boot\spring-boot-starter-aop\2.4.2\spring-boot-starter-aop-2.4.2.jar;C:\Users\leone\.m2\repository\org\springframework\spring-aop\5.3.3\spring-aop-5.3.3.jar;C:\Users\leone\.m2\repository\org\aspectj\aspectjweaver\1.9.6\aspectjweaver-1.9.6.jar;C:\Users\leone\.m2\repository\org\springframework\boot\spring-boot-starter-jdbc\2.4.2\spring-boot-starter-jdbc-2.4.2.jar;C:\Users\leone\.m2\repository\com\zaxxer\HikariCP\3.4.5\HikariCP-3.4.5.jar;C:\Users\leone\.m2\repository\org\springframework\spring-jdbc\5.3.3\spring-jdbc-5.3.3.jar;C:\Users\leone\.m2\repository\jakarta\transaction\jakarta.transaction-api\1.3.3\jakarta.transaction-api-1.3.3.jar;C:\Users\leone\.m2\repository\jakarta\persistence\jakarta.persistence-api\2.2.3\jakarta.persistence-api-2.2.3.jar;C:\Users\leone\.m2\repository\org\hibernate\hibernate-core\5.4.27.Final\hibernate-core-5.4.27.Final.jar;C:\Users\leone\.m2\repository\org\jboss\logging\jboss-logging\3.4.1.Final\jboss-logging-3.4.1.Final.jar;C:\Users\leone\.m2\repository\org\javassist\javassist\3.27.0-GA\javassist-3.27.0-GA.jar;C:\Users\leone\.m2\repository\net\bytebuddy\byte-buddy\1.10.19\byte-buddy-1.10.19.jar;C:\Users\leone\.m2\repository\antlr\antlr\2.7.7\antlr-2.7.7.jar;C:\Users\leone\.m2\repository\org\jboss\jandex\2.1.3.Final\jandex-2.1.3.Final.jar;C:\Users\leone\.m2\repository\com\fasterxml\classmate\1.5.1\classmate-1.5.1.jar;C:\Users\leone\.m2\repository\org\dom4j\dom4j\2.1.3\dom4j-2.1.3.jar;C:\Users\leone\.m2\repository\org\hibernate\common\hibernate-commons-annotations\5.1.2.Final\hibernate-commons-annotations-5.1.2.Final.jar;C:\Users\leone\.m2\repository\org\glassfish\jaxb\jaxb-runtime\2.3.3\jaxb-runtime-2.3.3.jar;C:\Users\leone\.m2\repository\org\glassfish\jaxb\txw2\2.3.3\txw2-2.3.3.jar;C:\Users\leone\.m2\repository\com\sun\istack\istack-commons-runtime\3.0.11\istack-commons-runtime-3.0.11.jar;C:\Users\leone\.m2\repository\org\springframework\data\spring-data-jpa\2.4.3\spring-data-jpa-2.4.3.jar;C:\Users\leone\.m2\repository\org\springframework\data\spring-data-commons\2.4.3\spring-data-commons-2.4.3.jar;C:\Users\leone\.m2\repository\org\springframework\spring-orm\5.3.3\spring-orm-5.3.3.jar;C:\Users\leone\.m2\repository\org\springframework\spring-context\5.3.3\spring-context-5.3.3.jar;C:\Users\leone\.m2\repository\org\springframework\spring-tx\5.3.3\spring-tx-5.3.3.jar;C:\Users\leone\.m2\repository\org\springframework\spring-beans\5.3.3\spring-beans-5.3.3.jar;C:\Users\leone\.m2\repository\org\slf4j\slf4j-api\1.7.30\slf4j-api-1.7.30.jar;C:\Users\leone\.m2\repository\org\springframework\spring-aspects\5.3.3\spring-aspects-5.3.3.jar;C:\Users\leone\.m2\repository\org\springframework\boot\spring-boot-starter-data-rest\2.4.2\spring-boot-starter-data-rest-2.4.2.jar;C:\Users\leone\.m2\repository\org\springframework\data\spring-data-rest-webmvc\3.4.3\spring-data-rest-webmvc-3.4.3.jar;C:\Users\leone\.m2\repository\org\springframework\data\spring-data-rest-core\3.4.3\spring-data-rest-core-3.4.3.jar;C:\Users\leone\.m2\repository\org\springframework\hateoas\spring-hateoas\1.2.3\spring-hateoas-1.2.3.jar;C:\Users\leone\.m2\repository\org\springframework\plugin\spring-plugin-core\2.0.0.RELEASE\spring-plugin-core-2.0.0.RELEASE.jar;C:\Users\leone\.m2\repository\org\atteo\evo-inflector\1.2.2\evo-inflector-1.2.2.jar;C:\Users\leone\.m2\repository\com\fasterxml\jackson\core\jackson-annotations\2.11.4\jackson-annotations-2.11.4.jar;C:\Users\leone\.m2\repository\org\springframework\boot\spring-boot-starter-thymeleaf\2.4.2\spring-boot-starter-thymeleaf-2.4.2.jar;C:\Users\leone\.m2\repository\org\thymeleaf\thymeleaf-spring5\3.0.12.RELEASE\thymeleaf-spring5-3.0.12.RELEASE.jar;C:\Users\leone\.m2\repository\org\thymeleaf\thymeleaf\3.0.12.RELEASE\thymeleaf-3.0.12.RELEASE.jar;C:\Users\leone\.m2\repository\org\attoparser\attoparser\2.0.5.RELEASE\attoparser-2.0.5.RELEASE.jar;C:\Users\leone\.m2\repository\org\unbescape\unbescape\1.1.6.RELEASE\unbescape-1.1.6.RELEASE.jar;C:\Users\leone\.m2\repository\org\thymeleaf\extras\thymeleaf-extras-java8time\3.0.4.RELEASE\thymeleaf-extras-java8time-3.0.4.RELEASE.jar;C:\Users\leone\.m2\repository\org\springframework\boot\spring-boot-starter-web\2.4.2\spring-boot-starter-web-2.4.2.jar;C:\Users\leone\.m2\repository\org\springframework\boot\spring-boot-starter-json\2.4.2\spring-boot-starter-json-2.4.2.jar;C:\Users\leone\.m2\repository\com\fasterxml\jackson\datatype\jackson-datatype-jdk8\2.11.4\jackson-datatype-jdk8-2.11.4.jar;C:\Users\leone\.m2\repository\com\fasterxml\jackson\module\jackson-module-parameter-names\2.11.4\jackson-module-parameter-names-2.11.4.jar;C:\Users\leone\.m2\repository\org\springframework\spring-web\5.3.3\spring-web-5.3.3.jar;C:\Users\leone\.m2\repository\org\springframework\spring-webmvc\5.3.3\spring-webmvc-5.3.3.jar;C:\Users\leone\.m2\repository\org\springframework\spring-expression\5.3.3\spring-expression-5.3.3.jar;C:\Users\leone\.m2\repository\org\springframework\boot\spring-boot-devtools\2.4.2\spring-boot-devtools-2.4.2.jar;C:\Users\leone\.m2\repository\org\springframework\boot\spring-boot\2.4.2\spring-boot-2.4.2.jar;C:\Users\leone\.m2\repository\org\springframework\boot\spring-boot-autoconfigure\2.4.2\spring-boot-autoconfigure-2.4.2.jar;C:\Users\leone\.m2\repository\com\oracle\database\jdbc\ojdbc8\19.8.0.0\ojdbc8-19.8.0.0.jar;C:\Users\leone\.m2\repository\org\springframework\boot\spring-boot-starter-test\2.4.2\spring-boot-starter-test-2.4.2.jar;C:\Users\leone\.m2\repository\org\springframework\boot\spring-boot-test\2.4.2\spring-boot-test-2.4.2.jar;C:\Users\leone\.m2\repository\org\springframework\boot\spring-boot-test-autoconfigure\2.4.2\spring-boot-test-autoconfigure-2.4.2.jar;C:\Users\leone\.m2\repository\com\jayway\jsonpath\json-path\2.4.0\json-path-2.4.0.jar;C:\Users\leone\.m2\repository\net\minidev\json-smart\2.3\json-smart-2.3.jar;C:\Users\leone\.m2\repository\net\minidev\accessors-smart\1.2\accessors-smart-1.2.jar;C:\Users\leone\.m2\repository\org\ow2\asm\asm\5.0.4\asm-5.0.4.jar;C:\Users\leone\.m2\repository\jakarta\xml\bind\jakarta.xml.bind-api\2.3.3\jakarta.xml.bind-api-2.3.3.jar;C:\Users\leone\.m2\repository\jakarta\activation\jakarta.activation-api\1.2.2\jakarta.activation-api-1.2.2.jar;C:\Users\leone\.m2\repository\org\assertj\assertj-core\3.18.1\assertj-core-3.18.1.jar;C:\Users\leone\.m2\repository\org\hamcrest\hamcrest\2.2\hamcrest-2.2.jar;C:\Users\leone\.m2\repository\org\junit\jupiter\junit-jupiter\5.7.0\junit-jupiter-5.7.0.jar;C:\Users\leone\.m2\repository\org\junit\jupiter\junit-jupiter-api\5.7.0\junit-jupiter-api-5.7.0.jar;C:\Users\leone\.m2\repository\org\junit\jupiter\junit-jupiter-params\5.7.0\junit-jupiter-params-5.7.0.jar;C:\Users\leone\.m2\repository\org\junit\jupiter\junit-jupiter-engine\5.7.0\junit-jupiter-engine-5.7.0.jar;C:\Users\leone\.m2\repository\org\mockito\mockito-core\3.6.28\mockito-core-3.6.28.jar;C:\Users\leone\.m2\repository\net\bytebuddy\byte-buddy-agent\1.10.19\byte-buddy-agent-1.10.19.jar;C:\Users\leone\.m2\repository\org\objenesis\objenesis\3.1\objenesis-3.1.jar;C:\Users\leone\.m2\repository\org\mockito\mockito-junit-jupiter\3.6.28\mockito-junit-jupiter-3.6.28.jar;C:\Users\leone\.m2\repository\org\skyscreamer\jsonassert\1.5.0\jsonassert-1.5.0.jar;C:\Users\leone\.m2\repository\com\vaadin\external\google\android-json\0.0.20131108.vaadin1\android-json-0.0.20131108.vaadin1.jar;C:\Users\leone\.m2\repository\org\springframework\spring-core\5.3.3\spring-core-5.3.3.jar;C:\Users\leone\.m2\repository\org\springframework\spring-jcl\5.3.3\spring-jcl-5.3.3.jar;C:\Users\leone\.m2\repository\org\springframework\spring-test\5.3.3\spring-test-5.3.3.jar;C:\Users\leone\.m2\repository\org\xmlunit\xmlunit-core\2.7.0\xmlunit-core-2.7.0.jar;C:\Users\leone\.m2\repository\org\junit\vintage\junit-vintage-engine\5.7.0\junit-vintage-engine-5.7.0.jar;C:\Users\leone\.m2\repository\org\apiguardian\apiguardian-api\1.1.0\apiguardian-api-1.1.0.jar;C:\Users\leone\.m2\repository\org\junit\platform\junit-platform-engine\1.7.0\junit-platform-engine-1.7.0.jar;C:\Users\leone\.m2\repository\org\opentest4j\opentest4j\1.2.0\opentest4j-1.2.0.jar;C:\Users\leone\.m2\repository\org\junit\platform\junit-platform-commons\1.7.0\junit-platform-commons-1.7.0.jar;C:\Users\leone\.m2\repository\junit\junit\4.13.1\junit-4.13.1.jar;C:\Users\leone\.m2\repository\org\hamcrest\hamcrest-core\2.2\hamcrest-core-2.2.jar;C:\Users\leone\.m2\repository\org\springframework\boot\spring-boot-starter-mail\2.3.4.RELEASE\spring-boot-starter-mail-2.3.4.RELEASE.jar;C:\Users\leone\.m2\repository\org\springframework\spring-context-support\5.3.3\spring-context-support-5.3.3.jar;C:\Users\leone\.m2\repository\com\sun\mail\jakarta.mail\1.6.5\jakarta.mail-1.6.5.jar;C:\Users\leone\.m2\repository\com\sun\activation\jakarta.activation\1.2.2\jakarta.activation-1.2.2.jar;"/>
    <property name="env.PROCESSOR_REVISION" value="8e0c"/>
    <property name="java.io.tmpdir" value="C:\Users\leone\AppData\Local\Temp\"/>
    <property name="FILE_LOG_CHARSET" value="windows-1252"/>
    <property name="maven.multiModuleProjectDirectory" value="C:\Users\leone\Documents\Development\Proyecto-Gio-Magic\Proyecto Relacional\Codigo\ventas"/>
    <property name="java.vendor.url.bug" value="https://bugreport.java.com/bugreport/"/>
    <property name="env.COMSPEC" value="C:\WINDOWS\system32\cmd.exe"/>
    <property name="env.PROGRAMDATA" value="C:\ProgramData"/>
    <property name="os.arch" value="amd64"/>
    <property name="java.awt.graphicsenv" value="sun.awt.Win32GraphicsEnvironment"/>
    <property name="user.dir" value="C:\Users\leone\Documents\Development\Proyecto-Gio-Magic\Proyecto Relacional\Codigo\ventas"/>
    <property name="env.MAVEN_HOME" value="C:\Program Files\apache-maven-3.8.1\bin\.."/>
    <property name="env.LOCALAPPDATA" value="C:\Users\leone\AppData\Local"/>
    <property name="line.separator" value="
"/>
    <property name="java.vm.name" value="Java HotSpot(TM) 64-Bit Server VM"/>
    <property name="env.CLASSWORLDS_JAR" value="&quot;C:\Program Files\apache-maven-3.8.1\bin\..\boot\plexus-classworlds-2.6.0.jar&quot;"/>
    <property name="env.PATHEXT" value=".COM;.EXE;.BAT;.CMD;.VBS;.VBE;.JS;.JSE;.WSF;.WSH;.MSC;.PY;.PYW;.CPL"/>
    <property name="env.COLORTERM" value="truecolor"/>
    <property name="basedir" value="C:\Users\leone\Documents\Development\Proyecto-Gio-Magic\Proyecto Relacional\Codigo\ventas"/>
    <property name="env.ERROR_CODE" value="0"/>
    <property name="env.USERNAME" value="leone"/>
    <property name="sun.stderr.encoding" value="cp850"/>
    <property name="file.encoding" value="Cp1252"/>
    <property name="env.USERDOMAIN" value="DESKTOP-GV93GJR"/>
    <property name="java.specification.version" value="11"/>
    <property name="env.=C:" value="C:\Users\leone\Documents\Development\Proyecto-Gio-Magic\Proyecto Relacional\Codigo\ventas"/>
    <property name="java.vendor.version" value="18.9"/>
    <property name="env.MAVEN_PROJECTBASEDIR" value="C:\Users\leone\Documents\Development\Proyecto-Gio-Magic\Proyecto Relacional\Codigo\ventas"/>
    <property name="env.PROCESSOR_LEVEL" value="6"/>
    <property name="env.VBOX_MSI_INSTALL_PATH" value="C:\Program Files\Oracle\VirtualBox\"/>
  </properties>
  <testcase classname="com.ventas.ventas.AtenderClienteTest" name="atenderClienteTest" time="0.051"/>
</testsuite>